2022/10/15 15:44:09 [notice] 1#1: using the "epoll" event method
2022/10/15 15:44:09 [notice] 1#1: nginx/1.23.1
2022/10/15 15:44:09 [notice] 1#1: built by gcc 10.2.1 20210110 (Debian 10.2.1-6) 
2022/10/15 15:44:09 [notice] 1#1: OS: Linux 5.10.16.3-microsoft-standard-WSL2
2022/10/15 15:44:09 [notice] 1#1: getrlimit(RLIMIT_NOFILE): 1048576:1048576
2022/10/15 15:44:09 [notice] 1#1: start worker processes
2022/10/15 15:44:09 [notice] 1#1: start worker process 22
2022/10/15 15:44:09 [notice] 1#1: start worker process 23
2022/10/15 15:44:09 [notice] 1#1: start worker process 24
2022/10/15 15:44:09 [notice] 1#1: start worker process 25
2022/10/15 15:45:09 [notice] 1#1: signal 3 (SIGQUIT) received, shutting down
2022/10/15 15:45:09 [notice] 22#22: gracefully shutting down
2022/10/15 15:45:09 [notice] 23#23: gracefully shutting down
2022/10/15 15:45:09 [notice] 24#24: gracefully shutting down
2022/10/15 15:45:09 [notice] 23#23: exiting
2022/10/15 15:45:09 [notice] 25#25: gracefully shutting down
2022/10/15 15:45:09 [notice] 24#24: exiting
2022/10/15 15:45:09 [notice] 22#22: exiting
2022/10/15 15:45:09 [notice] 23#23: exit
2022/10/15 15:45:09 [notice] 24#24: exit
2022/10/15 15:45:09 [notice] 25#25: exiting
2022/10/15 15:45:09 [notice] 22#22: exit
2022/10/15 15:45:09 [notice] 25#25: exit
2022/10/15 15:45:09 [notice] 1#1: signal 17 (SIGCHLD) received from 23
2022/10/15 15:45:09 [notice] 1#1: worker process 23 exited with code 0
2022/10/15 15:45:09 [notice] 1#1: signal 29 (SIGIO) received
2022/10/15 15:45:09 [notice] 1#1: signal 17 (SIGCHLD) received from 24
2022/10/15 15:45:09 [notice] 1#1: worker process 24 exited with code 0
2022/10/15 15:45:09 [notice] 1#1: signal 29 (SIGIO) received
2022/10/15 15:45:09 [notice] 1#1: signal 17 (SIGCHLD) received from 22
2022/10/15 15:45:09 [notice] 1#1: worker process 22 exited with code 0
2022/10/15 15:45:09 [notice] 1#1: signal 17 (SIGCHLD) received from 25
2022/10/15 15:45:09 [notice] 1#1: worker process 25 exited with code 0
2022/10/15 15:45:09 [notice] 1#1: exit
2022/10/15 15:46:10 [notice] 1#1: using the "epoll" event method
2022/10/15 15:46:10 [notice] 1#1: nginx/1.23.1
2022/10/15 15:46:10 [notice] 1#1: built by gcc 10.2.1 20210110 (Debian 10.2.1-6) 
2022/10/15 15:46:10 [notice] 1#1: OS: Linux 5.10.16.3-microsoft-standard-WSL2
2022/10/15 15:46:10 [notice] 1#1: getrlimit(RLIMIT_NOFILE): 1048576:1048576
2022/10/15 15:46:10 [notice] 1#1: start worker processes
2022/10/15 15:46:10 [notice] 1#1: start worker process 22
2022/10/15 15:46:10 [notice] 1#1: start worker process 23
2022/10/15 15:46:10 [notice] 1#1: start worker process 24
2022/10/15 15:46:10 [notice] 1#1: start worker process 25
2022/10/15 18:44:35 [notice] 1#1: signal 3 (SIGQUIT) received, shutting down
2022/10/15 18:44:35 [notice] 24#24: gracefully shutting down
2022/10/15 18:44:35 [notice] 23#23: gracefully shutting down
2022/10/15 18:44:35 [notice] 22#22: gracefully shutting down
2022/10/15 18:44:35 [notice] 24#24: exiting
2022/10/15 18:44:35 [notice] 25#25: gracefully shutting down
2022/10/15 18:44:35 [notice] 22#22: exiting
2022/10/15 18:44:35 [notice] 25#25: exiting
2022/10/15 18:44:35 [notice] 23#23: exiting
2022/10/15 18:44:35 [notice] 25#25: exit
2022/10/15 18:44:35 [notice] 22#22: exit
2022/10/15 18:44:35 [notice] 23#23: exit
2022/10/15 18:44:35 [notice] 24#24: exit
2022/10/15 18:44:35 [notice] 1#1: signal 17 (SIGCHLD) received from 22
2022/10/15 18:44:35 [notice] 1#1: worker process 22 exited with code 0
2022/10/15 18:44:35 [notice] 1#1: signal 29 (SIGIO) received
2022/10/15 18:44:35 [notice] 1#1: signal 17 (SIGCHLD) received from 24
2022/10/15 18:44:35 [notice] 1#1: worker process 24 exited with code 0
2022/10/15 18:44:35 [notice] 1#1: worker process 25 exited with code 0
2022/10/15 18:44:35 [notice] 1#1: signal 29 (SIGIO) received
2022/10/15 18:44:35 [notice] 1#1: signal 17 (SIGCHLD) received from 25
2022/10/15 18:44:35 [notice] 1#1: signal 17 (SIGCHLD) received from 23
2022/10/15 18:44:35 [notice] 1#1: worker process 23 exited with code 0
2022/10/15 18:44:35 [notice] 1#1: exit
2022/10/15 18:48:59 [notice] 1#1: using the "epoll" event method
2022/10/15 18:48:59 [notice] 1#1: nginx/1.23.1
2022/10/15 18:48:59 [notice] 1#1: built by gcc 10.2.1 20210110 (Debian 10.2.1-6) 
2022/10/15 18:48:59 [notice] 1#1: OS: Linux 5.10.16.3-microsoft-standard-WSL2
2022/10/15 18:48:59 [notice] 1#1: getrlimit(RLIMIT_NOFILE): 1048576:1048576
2022/10/15 18:48:59 [notice] 1#1: start worker processes
2022/10/15 18:48:59 [notice] 1#1: start worker process 22
2022/10/15 18:48:59 [notice] 1#1: start worker process 23
2022/10/15 18:48:59 [notice] 1#1: start worker process 24
2022/10/15 18:48:59 [notice] 1#1: start worker process 25
2022/10/15 18:49:28 [notice] 1#1: signal 3 (SIGQUIT) received, shutting down
2022/10/15 18:49:28 [notice] 22#22: gracefully shutting down
2022/10/15 18:49:28 [notice] 23#23: gracefully shutting down
2022/10/15 18:49:28 [notice] 24#24: gracefully shutting down
2022/10/15 18:49:28 [notice] 22#22: exiting
2022/10/15 18:49:28 [notice] 23#23: exiting
2022/10/15 18:49:28 [notice] 24#24: exiting
2022/10/15 18:49:28 [notice] 25#25: gracefully shutting down
2022/10/15 18:49:28 [notice] 22#22: exit
2022/10/15 18:49:28 [notice] 23#23: exit
2022/10/15 18:49:28 [notice] 25#25: exiting
2022/10/15 18:49:28 [notice] 25#25: exit
2022/10/15 18:49:28 [notice] 24#24: exit
2022/10/15 18:49:28 [notice] 1#1: signal 17 (SIGCHLD) received from 24
2022/10/15 18:49:28 [notice] 1#1: worker process 23 exited with code 0
2022/10/15 18:49:28 [notice] 1#1: worker process 24 exited with code 0
2022/10/15 18:49:28 [notice] 1#1: signal 29 (SIGIO) received
2022/10/15 18:49:28 [notice] 1#1: signal 17 (SIGCHLD) received from 23
2022/10/15 18:49:28 [notice] 1#1: signal 17 (SIGCHLD) received from 25
2022/10/15 18:49:28 [notice] 1#1: worker process 25 exited with code 0
2022/10/15 18:49:28 [notice] 1#1: signal 29 (SIGIO) received
2022/10/15 18:49:28 [notice] 1#1: signal 17 (SIGCHLD) received from 22
2022/10/15 18:49:28 [notice] 1#1: worker process 22 exited with code 0
2022/10/15 18:49:28 [notice] 1#1: exit
2022/10/15 18:49:51 [notice] 1#1: using the "epoll" event method
2022/10/15 18:49:51 [notice] 1#1: nginx/1.23.1
2022/10/15 18:49:51 [notice] 1#1: built by gcc 10.2.1 20210110 (Debian 10.2.1-6) 
2022/10/15 18:49:51 [notice] 1#1: OS: Linux 5.10.16.3-microsoft-standard-WSL2
2022/10/15 18:49:51 [notice] 1#1: getrlimit(RLIMIT_NOFILE): 1048576:1048576
2022/10/15 18:49:51 [notice] 1#1: start worker processes
2022/10/15 18:49:51 [notice] 1#1: start worker process 23
2022/10/15 18:49:51 [notice] 1#1: start worker process 24
2022/10/15 18:49:51 [notice] 1#1: start worker process 25
2022/10/15 18:49:51 [notice] 1#1: start worker process 26
2022/10/16 07:28:23 [notice] 1#1: using the "epoll" event method
2022/10/16 07:28:23 [notice] 1#1: nginx/1.23.1
2022/10/16 07:28:23 [notice] 1#1: built by gcc 10.2.1 20210110 (Debian 10.2.1-6) 
2022/10/16 07:28:23 [notice] 1#1: OS: Linux 5.10.16.3-microsoft-standard-WSL2
2022/10/16 07:28:23 [notice] 1#1: getrlimit(RLIMIT_NOFILE): 1048576:1048576
2022/10/16 07:28:23 [notice] 1#1: start worker processes
2022/10/16 07:28:23 [notice] 1#1: start worker process 22
2022/10/16 07:28:23 [notice] 1#1: start worker process 23
2022/10/16 07:28:23 [notice] 1#1: start worker process 24
2022/10/16 07:28:23 [notice] 1#1: start worker process 25
2022/10/16 08:40:03 [notice] 1#1: signal 3 (SIGQUIT) received, shutting down
2022/10/16 08:40:03 [notice] 24#24: gracefully shutting down
2022/10/16 08:40:03 [notice] 23#23: gracefully shutting down
2022/10/16 08:40:03 [notice] 22#22: gracefully shutting down
2022/10/16 08:40:03 [notice] 25#25: gracefully shutting down
2022/10/16 08:40:03 [notice] 24#24: exiting
2022/10/16 08:40:03 [notice] 25#25: exiting
2022/10/16 08:40:03 [notice] 23#23: exiting
2022/10/16 08:40:03 [notice] 22#22: exiting
2022/10/16 08:40:03 [notice] 24#24: exit
2022/10/16 08:40:03 [notice] 22#22: exit
2022/10/16 08:40:03 [notice] 23#23: exit
2022/10/16 08:40:03 [notice] 25#25: exit
2022/10/16 08:40:03 [notice] 1#1: signal 17 (SIGCHLD) received from 24
2022/10/16 08:40:03 [notice] 1#1: worker process 24 exited with code 0
2022/10/16 08:40:03 [notice] 1#1: signal 29 (SIGIO) received
2022/10/16 08:40:03 [notice] 1#1: signal 17 (SIGCHLD) received from 23
2022/10/16 08:40:03 [notice] 1#1: worker process 23 exited with code 0
2022/10/16 08:40:03 [notice] 1#1: signal 29 (SIGIO) received
2022/10/16 08:40:03 [notice] 1#1: signal 17 (SIGCHLD) received from 22
2022/10/16 08:40:03 [notice] 1#1: worker process 22 exited with code 0
2022/10/16 08:40:03 [notice] 1#1: signal 29 (SIGIO) received
2022/10/16 08:40:03 [notice] 1#1: signal 17 (SIGCHLD) received from 25
2022/10/16 08:40:03 [notice] 1#1: worker process 25 exited with code 0
2022/10/16 08:40:03 [notice] 1#1: exit
2022/10/16 08:40:14 [notice] 1#1: using the "epoll" event method
2022/10/16 08:40:14 [notice] 1#1: nginx/1.23.1
2022/10/16 08:40:14 [notice] 1#1: built by gcc 10.2.1 20210110 (Debian 10.2.1-6) 
2022/10/16 08:40:14 [notice] 1#1: OS: Linux 5.10.16.3-microsoft-standard-WSL2
2022/10/16 08:40:14 [notice] 1#1: getrlimit(RLIMIT_NOFILE): 1048576:1048576
2022/10/16 08:40:14 [notice] 1#1: start worker processes
2022/10/16 08:40:14 [notice] 1#1: start worker process 22
2022/10/16 08:40:14 [notice] 1#1: start worker process 23
2022/10/16 08:40:14 [notice] 1#1: start worker process 24
2022/10/16 08:40:14 [notice] 1#1: start worker process 25
2022/10/16 20:47:43 [notice] 1#1: signal 3 (SIGQUIT) received, shutting down
2022/10/16 20:47:43 [notice] 22#22: gracefully shutting down
2022/10/16 20:47:43 [notice] 24#24: gracefully shutting down
2022/10/16 20:47:43 [notice] 23#23: gracefully shutting down
2022/10/16 20:47:43 [notice] 25#25: gracefully shutting down
2022/10/16 20:47:43 [notice] 22#22: exiting
2022/10/16 20:47:43 [notice] 24#24: exiting
2022/10/16 20:47:43 [notice] 25#25: exiting
2022/10/16 20:47:43 [notice] 23#23: exiting
2022/10/16 20:47:43 [notice] 25#25: exit
2022/10/16 20:47:43 [notice] 24#24: exit
2022/10/16 20:47:43 [notice] 23#23: exit
2022/10/16 20:47:43 [notice] 22#22: exit
2022/10/16 20:47:43 [notice] 1#1: signal 17 (SIGCHLD) received from 25
2022/10/16 20:47:43 [notice] 1#1: worker process 25 exited with code 0
2022/10/16 20:47:43 [notice] 1#1: signal 29 (SIGIO) received
2022/10/16 20:47:43 [notice] 1#1: signal 17 (SIGCHLD) received from 22
2022/10/16 20:47:43 [notice] 1#1: worker process 22 exited with code 0
2022/10/16 20:47:43 [notice] 1#1: signal 29 (SIGIO) received
2022/10/16 20:47:43 [notice] 1#1: signal 17 (SIGCHLD) received from 23
2022/10/16 20:47:43 [notice] 1#1: worker process 23 exited with code 0
2022/10/16 20:47:43 [notice] 1#1: signal 29 (SIGIO) received
2022/10/16 20:47:43 [notice] 1#1: signal 17 (SIGCHLD) received from 24
2022/10/16 20:47:43 [notice] 1#1: worker process 24 exited with code 0
2022/10/16 20:47:43 [notice] 1#1: exit
2022/10/17 19:20:23 [notice] 1#1: using the "epoll" event method
2022/10/17 19:20:23 [notice] 1#1: nginx/1.23.1
2022/10/17 19:20:23 [notice] 1#1: built by gcc 10.2.1 20210110 (Debian 10.2.1-6) 
2022/10/17 19:20:23 [notice] 1#1: OS: Linux 5.10.16.3-microsoft-standard-WSL2
2022/10/17 19:20:23 [notice] 1#1: getrlimit(RLIMIT_NOFILE): 1048576:1048576
2022/10/17 19:20:23 [notice] 1#1: start worker processes
2022/10/17 19:20:23 [notice] 1#1: start worker process 22
2022/10/17 19:20:23 [notice] 1#1: start worker process 23
2022/10/17 19:20:23 [notice] 1#1: start worker process 24
2022/10/17 19:20:23 [notice] 1#1: start worker process 25
2022/10/17 19:40:07 [notice] 1#1: signal 3 (SIGQUIT) received, shutting down
2022/10/17 19:40:07 [notice] 24#24: gracefully shutting down
2022/10/17 19:40:07 [notice] 23#23: gracefully shutting down
2022/10/17 19:40:07 [notice] 25#25: gracefully shutting down
2022/10/17 19:40:08 [notice] 22#22: gracefully shutting down
2022/10/17 19:40:07 [notice] 24#24: exiting
2022/10/17 19:40:07 [notice] 25#25: exiting
2022/10/17 19:40:07 [notice] 23#23: exiting
2022/10/17 19:40:08 [notice] 22#22: exiting
2022/10/17 19:40:07 [notice] 24#24: exit
2022/10/17 19:40:07 [notice] 25#25: exit
2022/10/17 19:40:08 [notice] 22#22: exit
2022/10/17 19:40:07 [notice] 23#23: exit
2022/10/17 19:40:08 [notice] 1#1: signal 17 (SIGCHLD) received from 25
2022/10/17 19:40:08 [notice] 1#1: worker process 22 exited with code 0
2022/10/17 19:40:08 [notice] 1#1: worker process 23 exited with code 0
2022/10/17 19:40:08 [notice] 1#1: worker process 25 exited with code 0
2022/10/17 19:40:08 [notice] 1#1: signal 29 (SIGIO) received
2022/10/17 19:40:08 [notice] 1#1: signal 17 (SIGCHLD) received from 22
2022/10/17 19:40:08 [notice] 1#1: signal 17 (SIGCHLD) received from 24
2022/10/17 19:40:08 [notice] 1#1: worker process 24 exited with code 0
2022/10/17 19:40:08 [notice] 1#1: exit
2022/10/17 19:40:16 [notice] 1#1: using the "epoll" event method
2022/10/17 19:40:16 [notice] 1#1: nginx/1.23.1
2022/10/17 19:40:16 [notice] 1#1: built by gcc 10.2.1 20210110 (Debian 10.2.1-6) 
2022/10/17 19:40:16 [notice] 1#1: OS: Linux 5.10.16.3-microsoft-standard-WSL2
2022/10/17 19:40:16 [notice] 1#1: getrlimit(RLIMIT_NOFILE): 1048576:1048576
2022/10/17 19:40:16 [notice] 1#1: start worker processes
2022/10/17 19:40:16 [notice] 1#1: start worker process 22
2022/10/17 19:40:16 [notice] 1#1: start worker process 23
2022/10/17 19:40:16 [notice] 1#1: start worker process 24
2022/10/17 19:40:16 [notice] 1#1: start worker process 25
2022/10/17 20:17:11 [notice] 1#1: signal 3 (SIGQUIT) received, shutting down
2022/10/17 20:17:11 [notice] 22#22: gracefully shutting down
2022/10/17 20:17:11 [notice] 25#25: gracefully shutting down
2022/10/17 20:17:11 [notice] 24#24: gracefully shutting down
2022/10/17 20:17:11 [notice] 23#23: gracefully shutting down
2022/10/17 20:17:11 [notice] 22#22: exiting
2022/10/17 20:17:11 [notice] 23#23: exiting
2022/10/17 20:17:11 [notice] 25#25: exiting
2022/10/17 20:17:11 [notice] 22#22: exit
2022/10/17 20:17:11 [notice] 23#23: exit
2022/10/17 20:17:11 [notice] 25#25: exit
2022/10/17 20:17:11 [notice] 24#24: exiting
2022/10/17 20:17:11 [notice] 24#24: exit
2022/10/17 20:17:11 [notice] 1#1: signal 17 (SIGCHLD) received from 25
2022/10/17 20:17:11 [notice] 1#1: worker process 25 exited with code 0
2022/10/17 20:17:11 [notice] 1#1: signal 29 (SIGIO) received
2022/10/17 20:17:11 [notice] 1#1: signal 17 (SIGCHLD) received from 24
2022/10/17 20:17:11 [notice] 1#1: worker process 24 exited with code 0
2022/10/17 20:17:11 [notice] 1#1: worker process 22 exited with code 0
2022/10/17 20:17:11 [notice] 1#1: signal 17 (SIGCHLD) received from 22
2022/10/17 20:17:11 [notice] 1#1: worker process 23 exited with code 0
2022/10/17 20:17:11 [notice] 1#1: exit
2022/10/22 08:39:55 [notice] 1#1: using the "epoll" event method
2022/10/22 08:39:55 [notice] 1#1: nginx/1.23.1
2022/10/22 08:39:55 [notice] 1#1: built by gcc 10.2.1 20210110 (Debian 10.2.1-6) 
2022/10/22 08:39:55 [notice] 1#1: OS: Linux 5.10.16.3-microsoft-standard-WSL2
2022/10/22 08:39:55 [notice] 1#1: getrlimit(RLIMIT_NOFILE): 1048576:1048576
2022/10/22 08:39:55 [notice] 1#1: start worker processes
2022/10/22 08:39:55 [notice] 1#1: start worker process 22
2022/10/22 08:39:55 [notice] 1#1: start worker process 23
2022/10/22 08:39:55 [notice] 1#1: start worker process 24
2022/10/22 08:39:55 [notice] 1#1: start worker process 25
2022/10/23 07:32:46 [notice] 1#1: using the "epoll" event method
2022/10/23 07:32:46 [notice] 1#1: nginx/1.23.1
2022/10/23 07:32:46 [notice] 1#1: built by gcc 10.2.1 20210110 (Debian 10.2.1-6) 
2022/10/23 07:32:46 [notice] 1#1: OS: Linux 5.10.16.3-microsoft-standard-WSL2
2022/10/23 07:32:46 [notice] 1#1: getrlimit(RLIMIT_NOFILE): 1048576:1048576
2022/10/23 07:32:46 [notice] 1#1: start worker processes
2022/10/23 07:32:46 [notice] 1#1: start worker process 22
2022/10/23 07:32:46 [notice] 1#1: start worker process 23
2022/10/23 07:32:46 [notice] 1#1: start worker process 24
2022/10/23 07:32:46 [notice] 1#1: start worker process 25
2022/10/23 07:40:45 [notice] 1#1: signal 3 (SIGQUIT) received, shutting down
2022/10/23 07:40:45 [notice] 23#23: gracefully shutting down
2022/10/23 07:40:45 [notice] 25#25: gracefully shutting down
2022/10/23 07:40:45 [notice] 24#24: gracefully shutting down
2022/10/23 07:40:45 [notice] 22#22: gracefully shutting down
2022/10/23 07:40:45 [notice] 23#23: exiting
2022/10/23 07:40:45 [notice] 25#25: exiting
2022/10/23 07:40:45 [notice] 24#24: exiting
2022/10/23 07:40:45 [notice] 22#22: exiting
2022/10/23 07:40:45 [notice] 25#25: exit
2022/10/23 07:40:45 [notice] 23#23: exit
2022/10/23 07:40:45 [notice] 24#24: exit
2022/10/23 07:40:45 [notice] 22#22: exit
2022/10/23 07:40:45 [notice] 1#1: signal 17 (SIGCHLD) received from 25
2022/10/23 07:40:45 [notice] 1#1: worker process 25 exited with code 0
2022/10/23 07:40:45 [notice] 1#1: signal 29 (SIGIO) received
2022/10/23 07:40:45 [notice] 1#1: signal 17 (SIGCHLD) received from 24
2022/10/23 07:40:45 [notice] 1#1: worker process 22 exited with code 0
2022/10/23 07:40:45 [notice] 1#1: worker process 24 exited with code 0
2022/10/23 07:40:45 [notice] 1#1: signal 29 (SIGIO) received
2022/10/23 07:40:45 [notice] 1#1: signal 17 (SIGCHLD) received from 22
2022/10/23 07:40:45 [notice] 1#1: signal 17 (SIGCHLD) received from 23
2022/10/23 07:40:45 [notice] 1#1: worker process 23 exited with code 0
2022/10/23 07:40:45 [notice] 1#1: exit
2022/10/23 07:48:30 [notice] 1#1: using the "epoll" event method
2022/10/23 07:48:30 [notice] 1#1: nginx/1.23.1
2022/10/23 07:48:30 [notice] 1#1: built by gcc 10.2.1 20210110 (Debian 10.2.1-6) 
2022/10/23 07:48:30 [notice] 1#1: OS: Linux 5.10.16.3-microsoft-standard-WSL2
2022/10/23 07:48:30 [notice] 1#1: getrlimit(RLIMIT_NOFILE): 1048576:1048576
2022/10/23 07:48:30 [notice] 1#1: start worker processes
2022/10/23 07:48:30 [notice] 1#1: start worker process 22
2022/10/23 07:48:30 [notice] 1#1: start worker process 23
2022/10/23 07:48:30 [notice] 1#1: start worker process 24
2022/10/23 07:48:30 [notice] 1#1: start worker process 25
