[2022-10-23T11:40:20.491838+00:00] general.ERROR: 111 [] []
[2022-10-23T11:40:20.535269+00:00] general.INFO: 222 [] []
[2022-10-23T11:40:22.995662+00:00] general.ERROR: https://www.phpr.net/manual/ru/ - is not a correct url [] []
[2022-10-23T11:40:30.250507+00:00] general.ERROR: 111 [] []
[2022-10-23T11:40:30.309806+00:00] general.INFO: 222 [] []
[2022-10-23T11:43:38.907712+00:00] general.ERROR: 111 [] []
[2022-10-23T11:43:38.942094+00:00] general.INFO: 222 [] []
[2022-10-23T11:54:36.369099+00:00] general.ERROR: 111 [] []
[2022-10-23T11:54:36.447936+00:00] general.INFO: 222 [] []
[2022-10-23T13:44:29.399041+00:00] general.ERROR: 111 [] []
[2022-10-23T13:44:29.448281+00:00] general.INFO: 222 [] []
[2022-10-23T17:45:05.555811+00:00] general.ERROR: cURL error 7: Failed to connect to www.phpp.net port 443: Connection refused (see https://curl.haxx.se/libcurl/c/libcurl-errors.html) for https://www.phpp.net/manual/ru/ [] []
[2022-10-23T18:12:28.797560+00:00] general.ERROR: cURL error 7: Failed to connect to www.phpp.net port 443: Connection refused (see https://curl.haxx.se/libcurl/c/libcurl-errors.html) for https://www.phpp.net/manual/ru/ [] []
[2022-10-23T18:30:34.798638+00:00] general.ERROR: cURL error 7: Failed to connect to www.phpp.net port 443: Connection refused (see https://curl.haxx.se/libcurl/c/libcurl-errors.html) for https://www.phpp.net/manual/ru/ [] []
[2022-10-23T18:53:30.137737+00:00] general.ERROR: Data not found [] []
[2022-10-23T19:23:25.438684+00:00] general.ERROR: Data not found [] []
[2022-10-23T20:19:29.983708+00:00] general.ERROR: Data not found [] []
[2022-10-23T20:20:25.630166+00:00] general.ERROR: Data not found [] []
[2022-10-23T20:20:56.777403+00:00] general.ERROR: Data not found [] []
[2022-10-23T20:23:06.992975+00:00] general.ERROR: Data not found [] []
[2022-10-23T20:23:28.769165+00:00] general.ERROR: Data not found [] []
[2022-10-23T20:23:31.418231+00:00] general.ERROR: Data not found [] []
[2022-10-23T20:25:03.880515+00:00] general.ERROR: Data not found [] []
[2022-10-23T20:25:26.451261+00:00] general.ERROR:  - is not a correct url [] []
[2022-10-23T20:25:30.289097+00:00] general.ERROR:  - is not a correct url [] []
[2022-10-23T20:25:30.308302+00:00] general.ERROR:  - is not a correct url [] []
[2022-10-23T20:29:07.803139+00:00] general.ERROR: www.php.net-manual-ru- - is not a correct url [] []
[2022-10-23T20:29:11.340067+00:00] general.ERROR: www.php.net-manual-ru- - is not a correct url [] []
[2022-10-23T20:29:11.360926+00:00] general.ERROR: www.php.net-manual-ru- - is not a correct url [] []
